<?xml version="1.0" encoding="UTF-8"?>
<!-- Generated by org.testng.reporters.JUnitXMLReporter -->
<testsuite ignored="0" hostname="DESKTOP-LLLGMOJ" failures="1" tests="10" name="Test" time="72.828" errors="0" timestamp="2025-04-29T07:35:11 IST">
  <testcase classname="orangeHrmTestScripts.OrangeHrmLoginLogout" name="testLoginPage" time="2.32"/>
  <testcase classname="orangeHrmTestScripts.OrangeHrmLoginLogout" name="testLoginLougoutOfOrangeHrm" time="5.817"/>
  <testcase classname="orangeHrmTestScripts.TestPIM" name="testPIM_Creation" time="4.29">
    <skipped/>
  </testcase> <!-- testPIM_Creation -->
  <testcase classname="orangeHrmTestScripts.TestPIM" name="testPIM_Creation" time="3.686">
    <skipped/>
  </testcase> <!-- testPIM_Creation -->
  <testcase classname="orangeHrmTestScripts.TestPIM" name="testPIM_Creation" time="3.981">
    <failure type="org.openqa.selenium.NoSuchSessionException" message="Session ID is null. Using WebDriver after calling quit()?
Build info: version: &amp;apos;4.16.1&amp;apos;, revision: &amp;apos;9b4c83354e&amp;apos;
System info: os.name: &amp;apos;Windows 10&amp;apos;, os.arch: &amp;apos;amd64&amp;apos;, os.version: &amp;apos;10.0&amp;apos;, java.version: &amp;apos;17.0.3&amp;apos;
Driver info: org.openqa.selenium.chrome.ChromeDriver
Command: [null, getActiveElement {}]
Capabilities {acceptInsecureCerts: false, browserName: chrome, browserVersion: 135.0.7049.115, chrome: {chromedriverVersion: 135.0.7049.114 (63fd8a7d9d0..., userDataDir: C:\Users\Asus\AppData\Local...}, fedcm:accounts: true, goog:chromeOptions: {debuggerAddress: localhost:53676}, networkConnectionEnabled: false, pageLoadStrategy: normal, platformName: windows, proxy: Proxy(), se:cdp: ws://localhost:53676/devtoo..., se:cdpVersion: 135.0.7049.115, setWindowRect: true, strictFileInteractability: false, timeouts: {implicit: 0, pageLoad: 300000, script: 30000}, unhandledPromptBehavior: dismiss and notify, webauthn:extension:credBlob: true, webauthn:extension:largeBlob: true, webauthn:extension:minPinLength: true, webauthn:extension:prf: true, webauthn:virtualAuthenticators: true}">
      <![CDATA[org.openqa.selenium.NoSuchSessionException: Session ID is null. Using WebDriver after calling quit()?
Build info: version: '4.16.1', revision: '9b4c83354e'
System info: os.name: 'Windows 10', os.arch: 'amd64', os.version: '10.0', java.version: '17.0.3'
Driver info: org.openqa.selenium.chrome.ChromeDriver
Command: [null, getActiveElement {}]
Capabilities {acceptInsecureCerts: false, browserName: chrome, browserVersion: 135.0.7049.115, chrome: {chromedriverVersion: 135.0.7049.114 (63fd8a7d9d0..., userDataDir: C:\Users\Asus\AppData\Local...}, fedcm:accounts: true, goog:chromeOptions: {debuggerAddress: localhost:53676}, networkConnectionEnabled: false, pageLoadStrategy: normal, platformName: windows, proxy: Proxy(), se:cdp: ws://localhost:53676/devtoo..., se:cdpVersion: 135.0.7049.115, setWindowRect: true, strictFileInteractability: false, timeouts: {implicit: 0, pageLoad: 300000, script: 30000}, unhandledPromptBehavior: dismiss and notify, webauthn:extension:credBlob: true, webauthn:extension:largeBlob: true, webauthn:extension:minPinLength: true, webauthn:extension:prf: true, webauthn:virtualAuthenticators: true}
at org.openqa.selenium.remote.HttpCommandExecutor.execute(HttpCommandExecutor.java:152)
at org.openqa.selenium.remote.service.DriverCommandExecutor.invokeExecute(DriverCommandExecutor.java:200)
at org.openqa.selenium.remote.service.DriverCommandExecutor.execute(DriverCommandExecutor.java:175)
at org.openqa.selenium.remote.RemoteWebDriver.execute(RemoteWebDriver.java:523)
at org.openqa.selenium.remote.RemoteWebDriver.execute(RemoteWebDriver.java:596)
at org.openqa.selenium.remote.RemoteWebDriver.execute(RemoteWebDriver.java:600)
at org.openqa.selenium.remote.RemoteWebDriver$RemoteTargetLocator.activeElement(RemoteWebDriver.java:1162)
at reusableComponent.SeleniumUtility.getActitveElement(SeleniumUtility.java:280)
at orangehrmwebpages.AddEmployeePage.createEmployee(AddEmployeePage.java:35)
at orangeHrmTestScripts.TestPIM.testPIM_Creation(TestPIM.java:48)
at java.base/java.util.ArrayList.forEach(ArrayList.java:1511)
... Removed 27 stack frames]]>
    </failure>
  </testcase> <!-- testPIM_Creation -->
  <testcase classname="orangeHrmTestScripts.TestPIM" name="testPIM_Update" time="0.0">
    <skipped/>
  </testcase> <!-- testPIM_Update -->
  <testcase classname="orangeHrmTestScripts.TestPIM" name="testPIM_Delete" time="0.0">
    <skipped/>
  </testcase> <!-- testPIM_Delete -->
  <testcase classname="orangeHrmTestScripts.TestOrangeHrmPIM" name="testPimCreation" time="0.001"/>
  <testcase classname="orangeHrmTestScripts.TestOrangeHrmPIM" name="testPimUpdate" time="0.0"/>
  <testcase classname="orangeHrmTestScripts.TestOrangeHrmPIM" name="testPimDelete" time="0.001"/>
</testsuite> <!-- Test -->
